<?xml version="1.0" encoding="UTF-8"?>
<testsuite name="com.galvanize.LenderTest" tests="1" skipped="0" failures="0" errors="0" timestamp="2021-05-01T15:29:29" hostname="LTUS136175" time="0.048">
  <properties/>
  <testcase name="testTotalAmountEqualsDepositAmountPlusBalance()" classname="com.galvanize.LenderTest" time="0.048"/>
  <system-out><![CDATA[]]></system-out>
  <system-err><![CDATA[]]></system-err>
</testsuite>
