<?xml version="1.0" encoding="UTF-8"?>
<testsuite name="com.galvanize.LenderTest" tests="1" skipped="0" failures="0" errors="0" timestamp="2021-05-01T16:42:05" hostname="LTUS136175" time="0.058">
  <properties/>
  <testcase name="testSeeIfApplicantIsNotQualified()" classname="com.galvanize.LenderTest" time="0.058"/>
  <system-out><![CDATA[]]></system-out>
  <system-err><![CDATA[]]></system-err>
</testsuite>
